{"name": "test_products_group", "status": "skipped", "statusDetails": {"message": "XFAIL Wait for fix bug\n\nselenium.common.exceptions.ElementClickInterceptedException: Message: element click intercepted: Element <a href=\"https://test.qa.studio?products_group=sale\" class=\"tab-sale \">...</a> is not clickable at point (708, 694). Other element would receive the click: <div class=\"catalog-toolbar-tabs__content\">...</div>\n  (Session info: chrome=107.0.5304.107)\nStacktrace:\nBacktrace:\n\tOrdinal0 [0x0066ACD3+2075859]\n\tOrdinal0 [0x005FEE61+1633889]\n\tOrdinal0 [0x004FB7BD+571325]\n\tOrdinal0 [0x00531499+791705]\n\tOrdinal0 [0x0052F4AC+783532]\n\tOrdinal0 [0x0052D0AB+774315]\n\tOrdinal0 [0x0052BD37+769335]\n\tOrdinal0 [0x00521C76+728182]\n\tOrdinal0 [0x0054731C+881436]\n\tOrdinal0 [0x005215BF+726463]\n\tOrdinal0 [0x00547534+881972]\n\tOrdinal0 [0x0055B56A+963946]\n\tOrdinal0 [0x00547136+880950]\n\tOrdinal0 [0x0051FEFD+720637]\n\tOrdinal0 [0x00520F3F+724799]\n\tGetHandleVerifier [0x0091EED2+2769538]\n\tGetHandleVerifier [0x00910D95+2711877]\n\tGetHandleVerifier [0x006FA03A+521194]\n\tGetHandleVerifier [0x006F8DA0+516432]\n\tOrdinal0 [0x0060682C+1665068]\n\tOrdinal0 [0x0060B128+1683752]\n\tOrdinal0 [0x0060B215+1683989]\n\tOrdinal0 [0x00616484+1729668]\n\tBaseThreadInitThunk [0x75A4FEF9+25]\n\tRtlGetAppContainerNamedObjectPath [0x77857BBE+286]\n\tRtlGetAppContainerNamedObjectPath [0x77857B8E+238]", "trace": "..\\..\\selenium.qa.studio-main\\tests\\test_shop.py:47: in test_products_group\n    element.click()\n        browser    = <selenium.webdriver.chrome.webdriver.WebDriver (session=\"a3ec864fad762c5cbc2905a83aa3837e\")>\n        element    = <selenium.webdriver.remote.webelement.WebElement (session=\"a3ec864fad762c5cbc2905a83aa3837e\", element=\"aa463c7f-74c6-4295-8877-f3e20709d5b9\")>\n        elements   = [<selenium.webdriver.remote.webelement.WebElement (session=\"a3ec864fad762c5cbc2905a83aa3837e\", element=\"c3eedc67-e55c-...te.webelement.WebElement (session=\"a3ec864fad762c5cbc2905a83aa3837e\", element=\"f2bba5d2-033c-47f6-bdb0-0059336a4a9c\")>]\n        expected_menu = [('Все', '', \"[class='tab-all active']\"), ('Бестселлеры', '/?products_group=best_sellers', \"[class='tab-best_sellers '... '/?products_group=new', \"[class='tab-new ']\"), ('Распродажа товаров', '/?products_group=sale', \"[class='tab-sale ']\")]\n        item       = ('Распродажа товаров', '/?products_group=sale', \"[class='tab-sale ']\")\n        menu_element = \"[class='catalog-toolbar-tabs__content'] a\"\n..\\..\\..\\..\\AppData\\Local\\Programs\\Python\\Python310\\lib\\site-packages\\selenium\\webdriver\\remote\\webelement.py:93: in click\n    self._execute(Command.CLICK_ELEMENT)\n        self       = <selenium.webdriver.remote.webelement.WebElement (session=\"a3ec864fad762c5cbc2905a83aa3837e\", element=\"aa463c7f-74c6-4295-8877-f3e20709d5b9\")>\n..\\..\\..\\..\\AppData\\Local\\Programs\\Python\\Python310\\lib\\site-packages\\selenium\\webdriver\\remote\\webelement.py:410: in _execute\n    return self._parent.execute(command, params)\n        command    = 'clickElement'\n        params     = {'id': 'aa463c7f-74c6-4295-8877-f3e20709d5b9'}\n        self       = <selenium.webdriver.remote.webelement.WebElement (session=\"a3ec864fad762c5cbc2905a83aa3837e\", element=\"aa463c7f-74c6-4295-8877-f3e20709d5b9\")>\n..\\..\\..\\..\\AppData\\Local\\Programs\\Python\\Python310\\lib\\site-packages\\selenium\\webdriver\\remote\\webdriver.py:444: in execute\n    self.error_handler.check_response(response)\n        driver_command = 'clickElement'\n        params     = {'id': 'aa463c7f-74c6-4295-8877-f3e20709d5b9'}\n        response   = {'status': 400, 'value': '{\"value\":{\"error\":\"element click intercepted\",\"message\":\"element click intercepted: Element ...\\n\\\\tRtlGetAppContainerNamedObjectPath [0x77857BBE+286]\\\\n\\\\tRtlGetAppContainerNamedObjectPath [0x77857B8E+238]\\\\n\"}}'}\n        self       = <selenium.webdriver.chrome.webdriver.WebDriver (session=\"a3ec864fad762c5cbc2905a83aa3837e\")>\n..\\..\\..\\..\\AppData\\Local\\Programs\\Python\\Python310\\lib\\site-packages\\selenium\\webdriver\\remote\\errorhandler.py:249: in check_response\n    raise exception_class(message, screen, stacktrace)\nE   selenium.common.exceptions.ElementClickInterceptedException: Message: element click intercepted: Element <a href=\"https://test.qa.studio?products_group=sale\" class=\"tab-sale \">...</a> is not clickable at point (708, 694). Other element would receive the click: <div class=\"catalog-toolbar-tabs__content\">...</div>\nE     (Session info: chrome=107.0.5304.107)\nE   Stacktrace:\nE   Backtrace:\nE   \tOrdinal0 [0x0066ACD3+2075859]\nE   \tOrdinal0 [0x005FEE61+1633889]\nE   \tOrdinal0 [0x004FB7BD+571325]\nE   \tOrdinal0 [0x00531499+791705]\nE   \tOrdinal0 [0x0052F4AC+783532]\nE   \tOrdinal0 [0x0052D0AB+774315]\nE   \tOrdinal0 [0x0052BD37+769335]\nE   \tOrdinal0 [0x00521C76+728182]\nE   \tOrdinal0 [0x0054731C+881436]\nE   \tOrdinal0 [0x005215BF+726463]\nE   \tOrdinal0 [0x00547534+881972]\nE   \tOrdinal0 [0x0055B56A+963946]\nE   \tOrdinal0 [0x00547136+880950]\nE   \tOrdinal0 [0x0051FEFD+720637]\nE   \tOrdinal0 [0x00520F3F+724799]\nE   \tGetHandleVerifier [0x0091EED2+2769538]\nE   \tGetHandleVerifier [0x00910D95+2711877]\nE   \tGetHandleVerifier [0x006FA03A+521194]\nE   \tGetHandleVerifier [0x006F8DA0+516432]\nE   \tOrdinal0 [0x0060682C+1665068]\nE   \tOrdinal0 [0x0060B128+1683752]\nE   \tOrdinal0 [0x0060B215+1683989]\nE   \tOrdinal0 [0x00616484+1729668]\nE   \tBaseThreadInitThunk [0x75A4FEF9+25]\nE   \tRtlGetAppContainerNamedObjectPath [0x77857BBE+286]\nE   \tRtlGetAppContainerNamedObjectPath [0x77857B8E+238]\n        exception_class = <class 'selenium.common.exceptions.ElementClickInterceptedException'>\n        json       = <module 'json' from 'C:\\\\Users\\\\ACER\\\\AppData\\\\Local\\\\Programs\\\\Python\\\\Python310\\\\lib\\\\json\\\\__init__.py'>\n        message    = 'element click intercepted: Element <a href=\"https://test.qa.studio?products_group=sale\" class=\"tab-sale \">...</a> is ...would receive the click: <div class=\"catalog-toolbar-tabs__content\">...</div>\\n  (Session info: chrome=107.0.5304.107)'\n        response   = {'status': 400, 'value': '{\"value\":{\"error\":\"element click intercepted\",\"message\":\"element click intercepted: Element ...\\n\\\\tRtlGetAppContainerNamedObjectPath [0x77857BBE+286]\\\\n\\\\tRtlGetAppContainerNamedObjectPath [0x77857B8E+238]\\\\n\"}}'}\n        screen     = None\n        self       = <selenium.webdriver.remote.errorhandler.ErrorHandler object at 0x000001D02B5ABE80>\n        st_value   = 'Backtrace:\\n\\tOrdinal0 [0x0066ACD3+2075859]\\n\\tOrdinal0 [0x005FEE61+1633889]\\n\\tOrdinal0 [0x004FB7BD+571325]\\n\\tOrdin...FEF9+25]\\n\\tRtlGetAppContainerNamedObjectPath [0x77857BBE+286]\\n\\tRtlGetAppContainerNamedObjectPath [0x77857B8E+238]\\n'\n        stacktrace = ['Backtrace:', '\\tOrdinal0 [0x0066ACD3+2075859]', '\\tOrdinal0 [0x005FEE61+1633889]', '\\tOrdinal0 [0x004FB7BD+571325]', '\\tOrdinal0 [0x00531499+791705]', '\\tOrdinal0 [0x0052F4AC+783532]', ...]\n        status     = 'element click intercepted'\n        value      = {'error': 'element click intercepted', 'message': 'element click intercepted: Element <a href=\"https://test.qa.studio?...EF9+25]\\n\\tRtlGetAppContainerNamedObjectPath [0x77857BBE+286]\\n\\tRtlGetAppContainerNamedObjectPath [0x77857B8E+238]\\n'}\n        value_json = '{\"value\":{\"error\":\"element click intercepted\",\"message\":\"element click intercepted: Element \\\\u003Ca href=\\\\\"https://...\\\\n\\\\tRtlGetAppContainerNamedObjectPath [0x77857BBE+286]\\\\n\\\\tRtlGetAppContainerNamedObjectPath [0x77857B8E+238]\\\\n\"}}'"}, "description": "\n    Test case TC-2\n    ", "start": 1668925864953, "stop": 1668925870053, "uuid": "433878e0-f3ea-4fe0-a4de-c87fae446984", "historyId": "8eb1597fbc3a721fe9415865d2ff840c", "testCaseId": "661b4d561aa9283d092c863c736f17f8", "fullName": "test_shop#test_products_group", "labels": [{"name": "tag", "value": "@pytest.mark.xfail(reason='Wait for fix bug')"}, {"name": "suite", "value": "test_shop"}, {"name": "host", "value": "Ang"}, {"name": "thread", "value": "2576-MainThread"}, {"name": "framework", "value": "pytest"}, {"name": "language", "value": "cpython3"}, {"name": "package", "value": "test_shop"}]}