{"name": "test_right_way", "status": "broken", "statusDetails": {"message": "selenium.common.exceptions.TimeoutException: Message:", "trace": "..\\..\\selenium.qa.studio-main\\tests\\test_shop.py:89: in test_right_way\n    WebDriverWait(browser, timeout=10, poll_frequency=1).until(\n        browser    = <selenium.webdriver.chrome.webdriver.WebDriver (session=\"a3ec864fad762c5cbc2905a83aa3837e\")>\n        cart_is_visible = 'block'\n        product    = <selenium.webdriver.remote.webelement.WebElement (session=\"a3ec864fad762c5cbc2905a83aa3837e\", element=\"dc01a9fe-8e3c-4063-9483-d5245c907cca\")>\n..\\..\\..\\..\\AppData\\Local\\Programs\\Python\\Python310\\lib\\site-packages\\selenium\\webdriver\\support\\wait.py:95: in until\n    raise TimeoutException(message, screen, stacktrace)\nE   selenium.common.exceptions.TimeoutException: Message:\n        end_time   = 727644.718\n        message    = ''\n        method     = <function url_to_be.<locals>._predicate at 0x000001D02B5D35B0>\n        screen     = None\n        self       = <selenium.webdriver.support.wait.WebDriverWait (session=\"a3ec864fad762c5cbc2905a83aa3837e\")>\n        stacktrace = None\n        value      = False"}, "description": "\n    Test case TC-4\n    ", "start": 1668925872962, "stop": 1668925888753, "uuid": "e810b57a-47d5-47a0-b651-4a3b9c0dd92a", "historyId": "c8eb5ad197845d65ef7347b5bd720584", "testCaseId": "a124e1ba6816a38413edbbce37a7c035", "fullName": "test_shop#test_right_way", "labels": [{"name": "suite", "value": "test_shop"}, {"name": "host", "value": "Ang"}, {"name": "thread", "value": "2576-MainThread"}, {"name": "framework", "value": "pytest"}, {"name": "language", "value": "cpython3"}, {"name": "package", "value": "test_shop"}]}